# JRE version: Java(TM) SE Runtime Environment (8.0_202-b08) (build 1.8.0_202-b08)
# Java VM: Java HotSpot(TM) 64-Bit Server VM (25.202-b08 mixed mode windows-amd64 compressed oops)
Heap:
 PSYoungGen      total 151552K, used 43525K [0x00000000f5580000, 0x0000000100000000, 0x0000000100000000)
  eden space 132608K, 32% used [0x00000000f5580000,0x00000000f8001610,0x00000000fd700000)
  from space 18944K, 0% used [0x00000000fed80000,0x00000000fed80000,0x0000000100000000)
  to   space 20992K, 0% used [0x00000000fd700000,0x00000000fd700000,0x00000000feb80000)
 ParOldGen       total 229888K, used 29735K [0x00000000e0000000, 0x00000000ee080000, 0x00000000f5580000)
  object space 229888K, 12% used [0x00000000e0000000,0x00000000e1d09de0,0x00000000ee080000)
 Metaspace       used 56060K, capacity 60190K, committed 60416K, reserved 1101824K
  class space    used 8012K, capacity 8691K, committed 8704K, reserved 1048576K
GC Heap History (10 events):
Event: 8.474 GC heap before
{Heap before GC invocations=11 (full 2):
 PSYoungGen      total 149504K, used 148580K [0x00000000f5580000, 0x00000000ff980000, 0x0000000100000000)
  eden space 142336K, 100% used [0x00000000f5580000,0x00000000fe080000,0x00000000fe080000)
  from space 7168K, 87% used [0x00000000ff280000,0x00000000ff899150,0x00000000ff980000)
  to   space 12800K, 0% used [0x00000000fe080000,0x00000000fe080000,0x00000000fed00000)
 ParOldGen       total 175104K, used 15051K [0x00000000e0000000, 0x00000000eab00000, 0x00000000f5580000)
  object space 175104K, 8% used [0x00000000e0000000,0x00000000e0eb2d28,0x00000000eab00000)
 Metaspace       used 48230K, capacity 50894K, committed 51072K, reserved 1093632K
  class space    used 6943K, capacity 7432K, committed 7552K, reserved 1048576K
Event: 8.487 GC heap after
Heap after GC invocations=11 (full 2):
 PSYoungGen      total 155136K, used 12775K [0x00000000f5580000, 0x0000000100000000, 0x0000000100000000)
  eden space 142336K, 0% used [0x00000000f5580000,0x00000000f5580000,0x00000000fe080000)
  from space 12800K, 99% used [0x00000000fe080000,0x00000000fecf9d48,0x00000000fed00000)
  to   space 14848K, 0% used [0x00000000ff180000,0x00000000ff180000,0x0000000100000000)
 ParOldGen       total 175104K, used 16202K [0x00000000e0000000, 0x00000000eab00000, 0x00000000f5580000)
  object space 175104K, 9% used [0x00000000e0000000,0x00000000e0fd2940,0x00000000eab00000)
 Metaspace       used 48230K, capacity 50894K, committed 51072K, reserved 1093632K
  class space    used 6943K, capacity 7432K, committed 7552K, reserved 1048576K
}
Event: 10.170 GC heap before
{Heap before GC invocations=12 (full 2):
 PSYoungGen      total 155136K, used 155111K [0x00000000f5580000, 0x0000000100000000, 0x0000000100000000)
  eden space 142336K, 100% used [0x00000000f5580000,0x00000000fe080000,0x00000000fe080000)
  from space 12800K, 99% used [0x00000000fe080000,0x00000000fecf9d48,0x00000000fed00000)
  to   space 14848K, 0% used [0x00000000ff180000,0x00000000ff180000,0x0000000100000000)
 ParOldGen       total 175104K, used 16202K [0x00000000e0000000, 0x00000000eab00000, 0x00000000f5580000)
  object space 175104K, 9% used [0x00000000e0000000,0x00000000e0fd2940,0x00000000eab00000)
 Metaspace       used 53880K, capacity 57500K, committed 57856K, reserved 1099776K
  class space    used 7725K, capacity 8340K, committed 8448K, reserved 1048576K
Event: 10.185 GC heap after
Heap after GC invocations=12 (full 2):
 PSYoungGen      total 153600K, used 14819K [0x00000000f5580000, 0x0000000100000000, 0x0000000100000000)
  eden space 138752K, 0% used [0x00000000f5580000,0x00000000f5580000,0x00000000fdd00000)
  from space 14848K, 99% used [0x00000000ff180000,0x00000000ffff8c30,0x0000000100000000)
  to   space 17920K, 0% used [0x00000000fdd00000,0x00000000fdd00000,0x00000000fee80000)
 ParOldGen       total 175104K, used 20150K [0x00000000e0000000, 0x00000000eab00000, 0x00000000f5580000)
  object space 175104K, 11% used [0x00000000e0000000,0x00000000e13ad908,0x00000000eab00000)
 Metaspace       used 53880K, capacity 57500K, committed 57856K, reserved 1099776K
  class space    used 7725K, capacity 8340K, committed 8448K, reserved 1048576K
}
Event: 10.954 GC heap before
{Heap before GC invocations=13 (full 2):
 PSYoungGen      total 153600K, used 153571K [0x00000000f5580000, 0x0000000100000000, 0x0000000100000000)
  eden space 138752K, 100% used [0x00000000f5580000,0x00000000fdd00000,0x00000000fdd00000)
  from space 14848K, 99% used [0x00000000ff180000,0x00000000ffff8c30,0x0000000100000000)
  to   space 17920K, 0% used [0x00000000fdd00000,0x00000000fdd00000,0x00000000fee80000)
 ParOldGen       total 175104K, used 20150K [0x00000000e0000000, 0x00000000eab00000, 0x00000000f5580000)
  object space 175104K, 11% used [0x00000000e0000000,0x00000000e13ad908,0x00000000eab00000)
 Metaspace       used 54784K, capacity 58628K, committed 58752K, reserved 1099776K
  class space    used 7830K, capacity 8462K, committed 8576K, reserved 1048576K
Event: 10.964 GC heap after
Heap after GC invocations=13 (full 2):
 PSYoungGen      total 155648K, used 16560K [0x00000000f5580000, 0x0000000100000000, 0x0000000100000000)
  eden space 138752K, 0% used [0x00000000f5580000,0x00000000f5580000,0x00000000fdd00000)
  from space 16896K, 98% used [0x00000000fdd00000,0x00000000fed2c198,0x00000000fed80000)
  to   space 18944K, 0% used [0x00000000fed80000,0x00000000fed80000,0x0000000100000000)
 ParOldGen       total 175104K, used 20158K [0x00000000e0000000, 0x00000000eab00000, 0x00000000f5580000)
  object space 175104K, 11% used [0x00000000e0000000,0x00000000e13af908,0x00000000eab00000)
 Metaspace       used 54784K, capacity 58628K, committed 58752K, reserved 1099776K
  class space    used 7830K, capacity 8462K, committed 8576K, reserved 1048576K
}
Event: 11.273 GC heap before
{Heap before GC invocations=14 (full 2):
 PSYoungGen      total 155648K, used 107165K [0x00000000f5580000, 0x0000000100000000, 0x0000000100000000)
  eden space 138752K, 65% used [0x00000000f5580000,0x00000000fadfb568,0x00000000fdd00000)
  from space 16896K, 98% used [0x00000000fdd00000,0x00000000fed2c198,0x00000000fed80000)
  to   space 18944K, 0% used [0x00000000fed80000,0x00000000fed80000,0x0000000100000000)
 ParOldGen       total 175104K, used 20158K [0x00000000e0000000, 0x00000000eab00000, 0x00000000f5580000)
  object space 175104K, 11% used [0x00000000e0000000,0x00000000e13af908,0x00000000eab00000)
 Metaspace       used 55138K, capacity 58996K, committed 59028K, reserved 1099776K
  class space    used 7890K, capacity 8552K, committed 8576K, reserved 1048576K
Event: 11.282 GC heap after
Heap after GC invocations=14 (full 2):
 PSYoungGen      total 151552K, used 16608K [0x00000000f5580000, 0x0000000100000000, 0x0000000100000000)
  eden space 132608K, 0% used [0x00000000f5580000,0x00000000f5580000,0x00000000fd700000)
  from space 18944K, 87% used [0x00000000fed80000,0x00000000ffdb8378,0x0000000100000000)
  to   space 20992K, 0% used [0x00000000fd700000,0x00000000fd700000,0x00000000feb80000)
 ParOldGen       total 175104K, used 20166K [0x00000000e0000000, 0x00000000eab00000, 0x00000000f5580000)
  object space 175104K, 11% used [0x00000000e0000000,0x00000000e13b1908,0x00000000eab00000)
 Metaspace       used 55138K, capacity 58996K, committed 59028K, reserved 1099776K
  class space    used 7890K, capacity 8552K, committed 8576K, reserved 1048576K
}
Event: 11.282 GC heap before
{Heap before GC invocations=15 (full 3):
 PSYoungGen      total 151552K, used 16608K [0x00000000f5580000, 0x0000000100000000, 0x0000000100000000)
  eden space 132608K, 0% used [0x00000000f5580000,0x00000000f5580000,0x00000000fd700000)
  from space 18944K, 87% used [0x00000000fed80000,0x00000000ffdb8378,0x0000000100000000)
  to   space 20992K, 0% used [0x00000000fd700000,0x00000000fd700000,0x00000000feb80000)
 ParOldGen       total 175104K, used 20166K [0x00000000e0000000, 0x00000000eab00000, 0x00000000f5580000)
  object space 175104K, 11% used [0x00000000e0000000,0x00000000e13b1908,0x00000000eab00000)
 Metaspace       used 55138K, capacity 58996K, committed 59028K, reserved 1099776K
  class space    used 7890K, capacity 8552K, committed 8576K, reserved 1048576K
Event: 11.458 GC heap after
Heap after GC invocations=15 (full 3):
 PSYoungGen      total 151552K, used 0K [0x00000000f5580000, 0x0000000100000000, 0x0000000100000000)
  eden space 132608K, 0% used [0x00000000f5580000,0x00000000f5580000,0x00000000fd700000)
  from space 18944K, 0% used [0x00000000fed80000,0x00000000fed80000,0x0000000100000000)
  to   space 20992K, 0% used [0x00000000fd700000,0x00000000fd700000,0x00000000feb80000)
 ParOldGen       total 229888K, used 29735K [0x00000000e0000000, 0x00000000ee080000, 0x00000000f5580000)
  object space 229888K, 12% used [0x00000000e0000000,0x00000000e1d09de0,0x00000000ee080000)
 Metaspace       used 55114K, capacity 58918K, committed 59028K, reserved 1099776K
  class space    used 7882K, capacity 8539K, committed 8576K, reserved 1048576K
}

